TN:
SF:/Users/alekseibesshapov/Desktop/ERC-fuzzing/lib/openzeppelin-contracts/contracts/interfaces/draft-IERC6093.sol
DA:1,0
end_of_record

SF:/Users/alekseibesshapov/Desktop/ERC-fuzzing/lib/openzeppelin-contracts/contracts/token/ERC20/ERC20.sol
DA:45,32
DA:46,10
DA:47,7
DA:53,26
DA:54,73
DA:61,6
DA:62,7
DA:78,4
DA:79,1
DA:85,11
DA:86,24
DA:92,13
DA:93,13
DA:113,13
DA:114,28
DA:127,22
DA:129,6
DA:130,4
DA:166,1
DA:167,5
DA:168,9
DA:170,5
DA:171,9
DA:173,6
DA:183,10
DA:184,17
DA:186,30
DA:188,14
DA:189,7
DA:190,8
DA:194,19
DA:198,14
DA:201,8
DA:206,38
DA:210,36
DA:221,5
DA:222,10
DA:223,9
DA:225,11
DA:236,1
DA:237,5
DA:238,9
DA:240,6
DA:258,1
DA:259,7
DA:280,6
DA:281,5
DA:282,0
DA:284,5
DA:285,9
DA:287,28
DA:288,4
DA:289,18
DA:301,1
DA:302,9
DA:303,5
DA:304,7
DA:305,8
DA:308,9
end_of_record

SF:/Users/alekseibesshapov/Desktop/ERC-fuzzing/lib/openzeppelin-contracts/contracts/token/ERC20/IERC20.sol
end_of_record

SF:/Users/alekseibesshapov/Desktop/ERC-fuzzing/lib/openzeppelin-contracts/contracts/token/ERC20/extensions/ERC20Burnable.sol
DA:20,13
DA:21,5
end_of_record

SF:/Users/alekseibesshapov/Desktop/ERC-fuzzing/lib/openzeppelin-contracts/contracts/token/ERC20/extensions/IERC20Metadata.sol
end_of_record

SF:/Users/alekseibesshapov/Desktop/ERC-fuzzing/lib/openzeppelin-contracts/contracts/utils/Context.sol
DA:18,5
end_of_record

SF:/Users/alekseibesshapov/Desktop/ERC-fuzzing/lib/properties/contracts/ERC20/internal/properties/ERC20BasicProperties.sol
DA:15,5
DA:16,11
DA:17,0
DA:21,8
DA:22,26
DA:26,5
DA:27,27
DA:28,23
DA:32,5
DA:33,26
DA:37,5
DA:38,8
DA:39,10
DA:41,6
DA:42,0
DA:46,11
DA:47,8
DA:48,9
DA:49,19
DA:50,15
DA:52,8
DA:53,0
DA:57,17
DA:58,8
DA:59,9
DA:60,19
DA:61,13
DA:63,17
DA:64,28
DA:65,27
DA:69,11
DA:70,8
DA:71,10
DA:73,83
DA:74,27
DA:75,26
DA:79,11
DA:80,8
DA:81,8
DA:82,9
DA:83,19
DA:85,9
DA:86,0
DA:87,0
DA:88,0
DA:92,16
DA:93,8
DA:94,8
DA:95,10
DA:97,46
DA:98,0
DA:99,0
DA:100,1
DA:104,11
DA:105,8
DA:106,8
DA:107,10
DA:109,9
DA:110,28
DA:111,27
DA:112,26
DA:116,11
DA:117,8
DA:118,8
DA:119,9
DA:120,19
DA:122,10
DA:123,28
DA:124,27
DA:125,26
DA:129,11
DA:130,11
DA:131,8
DA:132,8
DA:133,10
DA:134,15
DA:136,68
DA:137,27
DA:138,31
DA:139,0
DA:143,11
DA:144,11
DA:145,11
DA:146,8
DA:147,8
DA:148,9
DA:149,19
DA:150,15
DA:152,10
DA:153,27
DA:154,31
DA:155,0
DA:159,11
DA:160,68
DA:161,28
DA:162,6
DA:166,15
DA:167,68
DA:168,28
DA:169,28
DA:171,68
DA:172,28
DA:173,33
DA:177,11
DA:178,21
DA:179,11
DA:180,8
DA:181,9
DA:182,19
DA:183,15
DA:185,61
DA:186,27
DA:189,4
DA:190,32
end_of_record

SF:/Users/alekseibesshapov/Desktop/ERC-fuzzing/lib/properties/contracts/ERC20/internal/properties/ERC20BurnableProperties.sol
DA:9,8
DA:16,11
DA:17,8
DA:18,5
DA:19,10
DA:20,15
DA:22,41
DA:23,32
DA:24,28
DA:28,11
DA:29,8
DA:30,9
DA:31,19
DA:32,4
DA:33,15
DA:35,42
DA:36,32
DA:37,28
DA:41,11
DA:42,8
DA:43,9
DA:44,19
DA:45,15
DA:47,42
DA:50,4
DA:51,12
end_of_record

SF:/Users/alekseibesshapov/Desktop/ERC-fuzzing/lib/properties/contracts/ERC20/internal/properties/ERC20MintableProperties.sol
DA:18,11
DA:19,8
DA:20,5
DA:22,49
DA:23,31
DA:24,0
end_of_record

SF:/Users/alekseibesshapov/Desktop/ERC-fuzzing/lib/properties/contracts/ERC20/internal/util/ERC20TestBase.sol
end_of_record

SF:/Users/alekseibesshapov/Desktop/ERC-fuzzing/lib/properties/contracts/util/PropertiesConstants.sol
DA:5,2
DA:6,2
DA:7,2
DA:8,4
end_of_record

SF:/Users/alekseibesshapov/Desktop/ERC-fuzzing/lib/properties/contracts/util/PropertiesHelper.sol
DA:16,1
DA:17,3
DA:18,0
DA:19,0
DA:24,1
DA:25,5
DA:26,8
DA:27,8
DA:28,30
DA:29,9
DA:112,1
DA:113,6
DA:114,0
DA:115,0
DA:116,0
DA:117,8
DA:118,3
DA:297,0
DA:308,4
DA:314,4
DA:317,3
DA:320,6
DA:323,3
DA:326,1
DA:331,3
DA:333,5
DA:337,7
DA:340,3
DA:343,2
DA:347,3
DA:350,4
DA:353,3
end_of_record

SF:/Users/alekseibesshapov/Desktop/ERC-fuzzing/src/ShiToken.sol
DA:8,0
DA:9,0
DA:11,1
DA:12,10
DA:15,6
DA:18,1
DA:19,8
DA:20,1
DA:23,7
DA:27,1
DA:28,12
DA:29,1
DA:32,1
DA:36,11
DA:37,5
end_of_record

SF:/Users/alekseibesshapov/Desktop/ERC-fuzzing/test/ERC20Internal.sol
DA:9,242
DA:15,7
DA:16,4
DA:17,4
DA:18,4
DA:19,5
DA:21,2
DA:22,8
DA:25,14
DA:29,6
DA:32,13
DA:35,1
DA:36,7
DA:39,13
DA:43,1
DA:44,8
DA:47,11
DA:51,5
end_of_record

