TN:
SF:/Users/alekseibesshapov/Desktop/ERC-fuzzing/lib/openzeppelin-contracts/contracts/interfaces/draft-IERC6093.sol
DA:1,0
end_of_record

SF:/Users/alekseibesshapov/Desktop/ERC-fuzzing/lib/openzeppelin-contracts/contracts/token/ERC20/ERC20.sol
DA:45,34
DA:46,10
DA:47,8
DA:53,26
DA:54,73
DA:61,6
DA:62,7
DA:78,4
DA:79,1
DA:85,5
DA:86,4
DA:92,10
DA:93,13
DA:113,10
DA:114,53
DA:127,22
DA:129,6
DA:130,4
DA:166,1
DA:167,5
DA:168,17
DA:170,5
DA:171,9
DA:173,6
DA:183,10
DA:184,17
DA:186,30
DA:188,14
DA:189,7
DA:190,8
DA:194,19
DA:198,14
DA:201,8
DA:206,38
DA:210,36
DA:221,5
DA:222,10
DA:223,9
DA:225,13
DA:236,1
DA:237,5
DA:238,0
DA:240,6
DA:258,5
DA:259,8
DA:280,6
DA:281,5
DA:282,0
DA:284,5
DA:285,9
DA:287,28
DA:288,4
DA:289,18
DA:301,6
DA:302,1
DA:303,5
DA:304,7
DA:305,8
DA:308,10
end_of_record

SF:/Users/alekseibesshapov/Desktop/ERC-fuzzing/lib/openzeppelin-contracts/contracts/token/ERC20/IERC20.sol
end_of_record

SF:/Users/alekseibesshapov/Desktop/ERC-fuzzing/lib/openzeppelin-contracts/contracts/token/ERC20/extensions/ERC20Burnable.sol
DA:20,13
DA:21,5
end_of_record

SF:/Users/alekseibesshapov/Desktop/ERC-fuzzing/lib/openzeppelin-contracts/contracts/token/ERC20/extensions/IERC20Metadata.sol
end_of_record

SF:/Users/alekseibesshapov/Desktop/ERC-fuzzing/lib/openzeppelin-contracts/contracts/utils/Context.sol
DA:18,5
end_of_record

SF:/Users/alekseibesshapov/Desktop/ERC-fuzzing/lib/properties/contracts/ERC20/external/properties/ERC20ExternalBasicProperties.sol
DA:14,5
DA:15,75
DA:16,0
DA:20,8
DA:21,147
DA:25,7
DA:26,258
DA:27,89
DA:31,5
DA:32,82
DA:36,8
DA:37,63
DA:38,10
DA:40,48
DA:41,1
DA:45,17
DA:46,63
DA:47,72
DA:48,19
DA:49,16
DA:51,62
DA:52,1
DA:56,11
DA:57,63
DA:58,72
DA:59,19
DA:60,16
DA:62,85
DA:63,28
DA:64,83
DA:68,11
DA:69,63
DA:70,10
DA:72,91
DA:73,27
DA:74,83
DA:78,11
DA:79,63
DA:80,62
DA:81,72
DA:82,19
DA:84,56
DA:85,0
DA:86,0
DA:87,0
DA:91,11
DA:92,63
DA:93,62
DA:94,10
DA:96,54
DA:97,0
DA:98,0
DA:99,0
DA:103,11
DA:104,63
DA:105,62
DA:106,10
DA:108,79
DA:109,28
DA:110,81
DA:111,79
DA:115,11
DA:116,63
DA:117,62
DA:118,72
DA:119,19
DA:121,81
DA:122,28
DA:123,81
DA:124,79
DA:128,11
DA:129,11
DA:130,63
DA:131,62
DA:132,10
DA:133,17
DA:135,79
DA:136,27
DA:137,85
DA:138,0
DA:142,11
DA:143,11
DA:144,11
DA:145,63
DA:146,62
DA:147,72
DA:148,19
DA:149,17
DA:151,81
DA:152,27
DA:153,85
DA:154,0
DA:158,11
DA:159,79
DA:160,28
DA:161,22
DA:165,15
DA:166,79
DA:167,28
DA:168,88
DA:170,76
DA:171,28
DA:172,93
DA:176,11
DA:177,21
DA:178,11
DA:179,63
DA:180,72
DA:181,19
DA:182,17
DA:184,73
DA:185,27
DA:188,4
DA:189,72
end_of_record

SF:/Users/alekseibesshapov/Desktop/ERC-fuzzing/lib/properties/contracts/ERC20/external/properties/ERC20ExternalBurnableProperties.sol
DA:15,11
DA:16,63
DA:17,70
DA:18,10
DA:19,15
DA:21,39
DA:22,88
DA:23,91
DA:27,11
DA:28,63
DA:29,72
DA:30,19
DA:31,69
DA:32,17
DA:34,45
DA:35,88
DA:36,91
DA:40,16
DA:41,63
DA:42,72
DA:43,19
DA:44,17
DA:46,49
DA:49,4
DA:50,93
end_of_record

SF:/Users/alekseibesshapov/Desktop/ERC-fuzzing/lib/properties/contracts/ERC20/external/properties/ERC20ExternalMintableProperties.sol
DA:15,11
DA:16,62
DA:17,70
DA:19,55
DA:20,86
DA:21,0
end_of_record

SF:/Users/alekseibesshapov/Desktop/ERC-fuzzing/lib/properties/contracts/ERC20/external/util/ERC20ExternalTestBase.sol
end_of_record

SF:/Users/alekseibesshapov/Desktop/ERC-fuzzing/lib/properties/contracts/ERC20/external/util/ITokenMock.sol
end_of_record

SF:/Users/alekseibesshapov/Desktop/ERC-fuzzing/lib/properties/contracts/util/IERC20.sol
end_of_record

SF:/Users/alekseibesshapov/Desktop/ERC-fuzzing/lib/properties/contracts/util/PropertiesConstants.sol
DA:5,1
DA:6,1
DA:7,1
DA:8,4
end_of_record

SF:/Users/alekseibesshapov/Desktop/ERC-fuzzing/lib/properties/contracts/util/PropertiesHelper.sol
DA:16,1
DA:17,3
DA:18,0
DA:19,0
DA:24,1
DA:25,5
DA:26,8
DA:27,8
DA:28,30
DA:29,9
DA:112,1
DA:113,6
DA:114,0
DA:115,0
DA:116,0
DA:117,8
DA:118,3
DA:297,0
DA:308,4
DA:314,4
DA:317,3
DA:320,6
DA:323,3
DA:326,1
DA:331,3
DA:333,5
DA:337,7
DA:340,3
DA:343,2
DA:347,3
DA:350,4
DA:353,3
end_of_record

SF:/Users/alekseibesshapov/Desktop/ERC-fuzzing/src/ShiToken.sol
DA:8,0
DA:9,0
DA:11,16
DA:12,11
DA:15,16
DA:18,1
DA:19,8
DA:20,1
DA:23,17
DA:27,1
DA:28,12
DA:29,1
DA:32,11
DA:36,11
DA:37,5
end_of_record

SF:/Users/alekseibesshapov/Desktop/ERC-fuzzing/test/ERC20External.sol
DA:10,167
DA:15,7
DA:16,37
DA:19,123
DA:20,9
DA:21,6
DA:23,27
DA:24,8
DA:25,4
DA:26,4
DA:27,5
DA:29,2
DA:30,13
end_of_record

